<?xml version="1.0" encoding="UTF-8"?>
<testng-results ignored="0" total="1" passed="1" failed="0" skipped="0">
  <reporter-output>
  </reporter-output>
  <suite started-at="2021-09-14T01:07:33Z" name="Default suite" finished-at="2021-09-14T01:07:59Z" duration-ms="25726">
    <groups>
    </groups>
    <test started-at="2021-09-14T01:07:33Z" name="Default test" finished-at="2021-09-14T01:07:59Z" duration-ms="25726">
      <class name="Testpackage.WindowHandleDemo">
        <test-method is-config="true" signature="beforeTest()[pri:0, instance:Testpackage.WindowHandleDemo@4f74980d]" started-at="2021-09-14T01:07:33Z" name="beforeTest" finished-at="2021-09-14T01:07:43Z" duration-ms="9815" status="PASS">
          <reporter-output>
          </reporter-output>
        </test-method> <!-- beforeTest -->
        <test-method signature="f()[pri:0, instance:Testpackage.WindowHandleDemo@4f74980d]" started-at="2021-09-14T01:07:43Z" name="f" finished-at="2021-09-14T01:07:58Z" duration-ms="14629" status="PASS">
          <reporter-output>
          </reporter-output>
        </test-method> <!-- f -->
        <test-method is-config="true" signature="afterTest()[pri:0, instance:Testpackage.WindowHandleDemo@4f74980d]" started-at="2021-09-14T01:07:58Z" name="afterTest" finished-at="2021-09-14T01:07:59Z" duration-ms="1228" status="PASS">
          <reporter-output>
          </reporter-output>
        </test-method> <!-- afterTest -->
      </class> <!-- Testpackage.WindowHandleDemo -->
    </test> <!-- Default test -->
  </suite> <!-- Default suite -->
</testng-results>
